<?xml version="1.0" encoding="UTF-8"?>
<!-- Generated by org.testng.reporters.JUnitReportReporter -->
<testsuite hostname="Tech-KrishnaS" name="agro.assignment.Setup" tests="1" failures="0" timestamp="21 Aug 2019 14:45:28 GMT" time="13.808" errors="0">
  <testcase name="getInput" time="13.808" classname="agro.assignment.Setup"/>
</testsuite> <!-- agro.assignment.Setup -->
