<?xml version="1.0" encoding="UTF-8"?>
<!-- Generated by org.testng.reporters.JUnitReportReporter -->
<testsuite hostname="Tech-KrishnaS" name="agro.assignment.gitSearch" tests="1" failures="0" timestamp="21 Aug 2019 14:45:28 GMT" time="104.412" errors="0">
  <testcase name="SearchandPlaceOrder" time="104.412" classname="agro.assignment.gitSearch"/>
</testsuite> <!-- agro.assignment.gitSearch -->
