<?xml version="1.0" encoding="UTF-8"?>
<!-- Generated by org.testng.reporters.JUnitReportReporter -->
<testsuite hostname="Tech-KrishnaS" name="agro.assignment.ApiTestSuite" tests="2" failures="0" timestamp="21 Aug 2019 14:45:28 GMT" time="9.915" errors="0">
  <testcase name="createand_verify_repo" time="8.530" classname="agro.assignment.ApiTestSuite"/>
  <testcase name="starandverify" time="1.385" classname="agro.assignment.ApiTestSuite"/>
</testsuite> <!-- agro.assignment.ApiTestSuite -->
