<?xml version="1.0" encoding="UTF-8"?>
<!-- Generated by org.testng.reporters.JUnitReportReporter -->
<testsuite hostname="Tech-KrishnaS" name="agro.assignment.amazonSearch" tests="1" failures="0" timestamp="18 Aug 2019 18:49:15 GMT" time="25.171" errors="0">
  <testcase name="SearchandPlaceOrder" time="25.171" classname="agro.assignment.amazonSearch"/>
</testsuite> <!-- agro.assignment.amazonSearch -->
